<?xml version="1.0" encoding="UTF-8"?>
<testsuite xmlns:xsi="http://www.w3.org/2001/XMLSchema-instance" xsi:noNamespaceSchemaLocation="https://maven.apache.org/surefire/maven-surefire-plugin/xsd/surefire-test-report.xsd" name="mflix.api.daos.TimeoutsTest" time="5.241" tests="2" errors="2" skipped="0" failures="0">
  <properties>
[...]
</properties>
  <testcase name="testConfiguredConnectionTimeoutMs" classname="mflix.api.daos.TimeoutsTest" time="1.502">
    <error type="java.lang.NullPointerException">java.lang.NullPointerException
	at mflix.api.daos.TimeoutsTest.testConfiguredConnectionTimeoutMs(TimeoutsTest.java:58)
</error>
    <system-out><![CDATA[2022-01-22 13:49:14.225  INFO 1972 --- [           main] .b.t.c.SpringBootTestContextBootstrapper : Neither @ContextConfiguration nor @ContextHierarchy found for test class [mflix.api.daos.TimeoutsTest], using SpringBootContextLoader
2022-01-22 13:49:14.227  INFO 1972 --- [           main] o.s.t.c.support.AbstractContextLoader    : Could not detect default resource locations for test class [mflix.api.daos.TimeoutsTest]: no resource found for suffixes {-context.xml, Context.groovy}.
2022-01-22 13:49:14.240  INFO 1972 --- [           main] .b.t.c.SpringBootTestContextBootstrapper : Loaded default TestExecutionListener class names from location [META-INF/spring.factories]: [org.springframework.boot.test.mock.mockito.MockitoTestExecutionListener, org.springframework.boot.test.mock.mockito.ResetMocksTestExecutionListener, org.springframework.boot.test.autoconfigure.restdocs.RestDocsTestExecutionListener, org.springframework.boot.test.autoconfigure.web.client.MockRestServiceServerResetTestExecutionListener, org.springframework.boot.test.autoconfigure.web.servlet.MockMvcPrintOnlyOnFailureTestExecutionListener, org.springframework.boot.test.autoconfigure.web.servlet.WebDriverTestExecutionListener, org.springframework.test.context.web.ServletTestExecutionListener, org.springframework.test.context.support.DirtiesContextBeforeModesTestExecutionListener, org.springframework.test.context.support.DependencyInjectionTestExecutionListener, org.springframework.test.context.support.DirtiesContextTestExecutionListener, org.springframework.test.context.transaction.TransactionalTestExecutionListener, org.springframework.test.context.jdbc.SqlScriptsTestExecutionListener]
2022-01-22 13:49:14.244  INFO 1972 --- [           main] .b.t.c.SpringBootTestContextBootstrapper : Using TestExecutionListeners: [org.springframework.test.context.web.ServletTestExecutionListener@296e281a, org.springframework.test.context.support.DirtiesContextBeforeModesTestExecutionListener@59cda16e, org.springframework.boot.test.mock.mockito.MockitoTestExecutionListener@5dd903be, org.springframework.boot.test.autoconfigure.SpringBootDependencyInjectionTestExecutionListener@12e0f1cb, org.springframework.test.context.support.DirtiesContextTestExecutionListener@4a163575, org.springframework.boot.test.mock.mockito.ResetMocksTestExecutionListener@7e642b88, org.springframework.boot.test.autoconfigure.restdocs.RestDocsTestExecutionListener@6b350309, org.springframework.boot.test.autoconfigure.web.client.MockRestServiceServerResetTestExecutionListener@7ecec90d, org.springframework.boot.test.autoconfigure.web.servlet.MockMvcPrintOnlyOnFailureTestExecutionListener@588f63c, org.springframework.boot.test.autoconfigure.web.servlet.WebDriverTestExecutionListener@5a6fa56e]

  .   ____          _            __ _ _
 /\\ / ___'_ __ _ _(_)_ __  __ _ \ \ \ \
( ( )\___ | '_ | '_| | '_ \/ _` | \ \ \ \
 \\/  ___)| |_)| | | | | || (_| |  ) ) ) )
  '  |____| .__|_| |_|_| |_\__, | / / / /
 =========|_|==============|___/=/_/_/_/
 :: Spring Boot ::        (v2.0.4.RELEASE)

2022-01-22 13:49:14.347  INFO 1972 --- [           main] mflix.api.daos.TimeoutsTest              : Starting TimeoutsTest on WKWIN9570473 with PID 1972 (started by nagdonep in C:\Users\nagdonep\Apps\PersPractise\MongoLearning\mflix)
2022-01-22 13:49:14.350  INFO 1972 --- [           main] mflix.api.daos.TimeoutsTest              : No active profile set, falling back to default profiles: default
2022-01-22 13:49:14.356  INFO 1972 --- [           main] o.s.w.c.s.GenericWebApplicationContext   : Refreshing org.springframework.web.context.support.GenericWebApplicationContext@3dfa819: startup date [Sat Jan 22 13:49:14 IST 2022]; root of context hierarchy
2022-01-22 13:49:15.027  INFO 1972 --- [ngodb.net:27017] org.mongodb.driver.cluster               : Monitor thread successfully connected to server with description ServerDescription{address=mflix-shard-00-01.m2ihm.mongodb.net:27017, type=REPLICA_SET_SECONDARY, state=CONNECTED, ok=true, version=ServerVersion{versionList=[4, 4, 11]}, minWireVersion=0, maxWireVersion=9, maxDocumentSize=16777216, logicalSessionTimeoutMinutes=30, roundTripTimeNanos=48000040, setName='atlas-4kkuy6-shard-0', canonicalAddress=mflix-shard-00-01.m2ihm.mongodb.net:27017, hosts=[mflix-shard-00-02.m2ihm.mongodb.net:27017, mflix-shard-00-00.m2ihm.mongodb.net:27017, mflix-shard-00-01.m2ihm.mongodb.net:27017], passives=[], arbiters=[], primary='mflix-shard-00-02.m2ihm.mongodb.net:27017', tagSet=TagSet{[Tag{name='nodeType', value='ELECTABLE'}, Tag{name='provider', value='GCP'}, Tag{name='region', value='ASIA_SOUTH_1'}, Tag{name='workloadType', value='OPERATIONAL'}]}, electionId=null, setVersion=3, lastWriteDate=Sat Jan 22 13:49:14 IST 2022, lastUpdateTimeNanos=270151521503800}
2022-01-22 13:49:15.496  INFO 1972 --- [ngodb.net:27017] org.mongodb.driver.cluster               : Monitor thread successfully connected to server with description ServerDescription{address=mflix-shard-00-00.m2ihm.mongodb.net:27017, type=REPLICA_SET_SECONDARY, state=CONNECTED, ok=true, version=ServerVersion{versionList=[4, 4, 11]}, minWireVersion=0, maxWireVersion=9, maxDocumentSize=16777216, logicalSessionTimeoutMinutes=30, roundTripTimeNanos=34331075, setName='atlas-4kkuy6-shard-0', canonicalAddress=mflix-shard-00-00.m2ihm.mongodb.net:27017, hosts=[mflix-shard-00-02.m2ihm.mongodb.net:27017, mflix-shard-00-00.m2ihm.mongodb.net:27017, mflix-shard-00-01.m2ihm.mongodb.net:27017], passives=[], arbiters=[], primary='mflix-shard-00-02.m2ihm.mongodb.net:27017', tagSet=TagSet{[Tag{name='workloadType', value='OPERATIONAL'}, Tag{name='provider', value='GCP'}, Tag{name='nodeType', value='ELECTABLE'}, Tag{name='region', value='ASIA_SOUTH_1'}]}, electionId=null, setVersion=3, lastWriteDate=Sat Jan 22 13:49:15 IST 2022, lastUpdateTimeNanos=270151991126800}
2022-01-22 13:49:15.986  INFO 1972 --- [           main] org.mongodb.driver.cluster               : Cluster created with settings {hosts=[mflix-shard-00-00.m2ihm.mongodb.net:27017, mflix-shard-00-01.m2ihm.mongodb.net:27017, mflix-shard-00-02.m2ihm.mongodb.net:27017], mode=MULTIPLE, requiredClusterType=REPLICA_SET, serverSelectionTimeout='30000 ms', maxWaitQueueSize=500, requiredReplicaSetName='atlas-4kkuy6-shard-0'}
2022-01-22 13:49:15.986  INFO 1972 --- [           main] org.mongodb.driver.cluster               : Adding discovered server mflix-shard-00-00.m2ihm.mongodb.net:27017 to client view of cluster
2022-01-22 13:49:15.990  INFO 1972 --- [           main] org.mongodb.driver.cluster               : Adding discovered server mflix-shard-00-01.m2ihm.mongodb.net:27017 to client view of cluster
2022-01-22 13:49:15.995  INFO 1972 --- [           main] org.mongodb.driver.cluster               : Adding discovered server mflix-shard-00-02.m2ihm.mongodb.net:27017 to client view of cluster
2022-01-22 13:49:16.238  INFO 1972 --- [ngodb.net:27017] org.mongodb.driver.connection            : Opened connection [connectionId{localValue:22, serverValue:252787}] to mflix-shard-00-01.m2ihm.mongodb.net:27017
2022-01-22 13:49:16.238  INFO 1972 --- [ngodb.net:27017] org.mongodb.driver.connection            : Opened connection [connectionId{localValue:21, serverValue:252978}] to mflix-shard-00-00.m2ihm.mongodb.net:27017
2022-01-22 13:49:16.269  INFO 1972 --- [ngodb.net:27017] org.mongodb.driver.cluster               : Monitor thread successfully connected to server with description ServerDescription{address=mflix-shard-00-01.m2ihm.mongodb.net:27017, type=REPLICA_SET_SECONDARY, state=CONNECTED, ok=true, version=ServerVersion{versionList=[4, 4, 11]}, minWireVersion=0, maxWireVersion=9, maxDocumentSize=16777216, logicalSessionTimeoutMinutes=30, roundTripTimeNanos=30816400, setName='atlas-4kkuy6-shard-0', canonicalAddress=mflix-shard-00-01.m2ihm.mongodb.net:27017, hosts=[mflix-shard-00-02.m2ihm.mongodb.net:27017, mflix-shard-00-00.m2ihm.mongodb.net:27017, mflix-shard-00-01.m2ihm.mongodb.net:27017], passives=[], arbiters=[], primary='mflix-shard-00-02.m2ihm.mongodb.net:27017', tagSet=TagSet{[Tag{name='nodeType', value='ELECTABLE'}, Tag{name='provider', value='GCP'}, Tag{name='region', value='ASIA_SOUTH_1'}, Tag{name='workloadType', value='OPERATIONAL'}]}, electionId=null, setVersion=3, lastWriteDate=Sat Jan 22 13:49:16 IST 2022, lastUpdateTimeNanos=270152764084999}
2022-01-22 13:49:16.270  INFO 1972 --- [ngodb.net:27017] org.mongodb.driver.cluster               : Monitor thread successfully connected to server with description ServerDescription{address=mflix-shard-00-00.m2ihm.mongodb.net:27017, type=REPLICA_SET_SECONDARY, state=CONNECTED, ok=true, version=ServerVersion{versionList=[4, 4, 11]}, minWireVersion=0, maxWireVersion=9, maxDocumentSize=16777216, logicalSessionTimeoutMinutes=30, roundTripTimeNanos=31594999, setName='atlas-4kkuy6-shard-0', canonicalAddress=mflix-shard-00-00.m2ihm.mongodb.net:27017, hosts=[mflix-shard-00-02.m2ihm.mongodb.net:27017, mflix-shard-00-00.m2ihm.mongodb.net:27017, mflix-shard-00-01.m2ihm.mongodb.net:27017], passives=[], arbiters=[], primary='mflix-shard-00-02.m2ihm.mongodb.net:27017', tagSet=TagSet{[Tag{name='workloadType', value='OPERATIONAL'}, Tag{name='provider', value='GCP'}, Tag{name='nodeType', value='ELECTABLE'}, Tag{name='region', value='ASIA_SOUTH_1'}]}, electionId=null, setVersion=3, lastWriteDate=Sat Jan 22 13:49:16 IST 2022, lastUpdateTimeNanos=270152765032599}
2022-01-22 13:49:16.275  INFO 1972 --- [           main] o.s.w.s.handler.SimpleUrlHandlerMapping  : Mapped URL path [/**/favicon.ico] onto handler of type [class org.springframework.web.servlet.resource.ResourceHttpRequestHandler]
2022-01-22 13:49:16.288  INFO 1972 --- [ngodb.net:27017] org.mongodb.driver.connection            : Opened connection [connectionId{localValue:23, serverValue:254008}] to mflix-shard-00-02.m2ihm.mongodb.net:27017
2022-01-22 13:49:16.331  INFO 1972 --- [ngodb.net:27017] org.mongodb.driver.cluster               : Monitor thread successfully connected to server with description ServerDescription{address=mflix-shard-00-02.m2ihm.mongodb.net:27017, type=REPLICA_SET_PRIMARY, state=CONNECTED, ok=true, version=ServerVersion{versionList=[4, 4, 11]}, minWireVersion=0, maxWireVersion=9, maxDocumentSize=16777216, logicalSessionTimeoutMinutes=30, roundTripTimeNanos=42667600, setName='atlas-4kkuy6-shard-0', canonicalAddress=mflix-shard-00-02.m2ihm.mongodb.net:27017, hosts=[mflix-shard-00-02.m2ihm.mongodb.net:27017, mflix-shard-00-00.m2ihm.mongodb.net:27017, mflix-shard-00-01.m2ihm.mongodb.net:27017], passives=[], arbiters=[], primary='mflix-shard-00-02.m2ihm.mongodb.net:27017', tagSet=TagSet{[Tag{name='nodeType', value='ELECTABLE'}, Tag{name='region', value='ASIA_SOUTH_1'}, Tag{name='provider', value='GCP'}, Tag{name='workloadType', value='OPERATIONAL'}]}, electionId=7fffffff0000000000000026, setVersion=3, lastWriteDate=Sat Jan 22 13:49:16 IST 2022, lastUpdateTimeNanos=270152826079900}
2022-01-22 13:49:16.332  INFO 1972 --- [ngodb.net:27017] org.mongodb.driver.cluster               : Setting max election id to 7fffffff0000000000000026 from replica set primary mflix-shard-00-02.m2ihm.mongodb.net:27017
2022-01-22 13:49:16.332  INFO 1972 --- [ngodb.net:27017] org.mongodb.driver.cluster               : Setting max set version to 3 from replica set primary mflix-shard-00-02.m2ihm.mongodb.net:27017
2022-01-22 13:49:16.332  INFO 1972 --- [ngodb.net:27017] org.mongodb.driver.cluster               : Discovered replica set primary mflix-shard-00-02.m2ihm.mongodb.net:27017
2022-01-22 13:49:16.583  INFO 1972 --- [ngodb.net:27017] org.mongodb.driver.cluster               : Monitor thread successfully connected to server with description ServerDescription{address=mflix-shard-00-02.m2ihm.mongodb.net:27017, type=REPLICA_SET_PRIMARY, state=CONNECTED, ok=true, version=ServerVersion{versionList=[4, 4, 11]}, minWireVersion=0, maxWireVersion=9, maxDocumentSize=16777216, logicalSessionTimeoutMinutes=30, roundTripTimeNanos=74280739, setName='atlas-4kkuy6-shard-0', canonicalAddress=mflix-shard-00-02.m2ihm.mongodb.net:27017, hosts=[mflix-shard-00-02.m2ihm.mongodb.net:27017, mflix-shard-00-00.m2ihm.mongodb.net:27017, mflix-shard-00-01.m2ihm.mongodb.net:27017], passives=[], arbiters=[], primary='mflix-shard-00-02.m2ihm.mongodb.net:27017', tagSet=TagSet{[Tag{name='workloadType', value='OPERATIONAL'}, Tag{name='region', value='ASIA_SOUTH_1'}, Tag{name='provider', value='GCP'}, Tag{name='nodeType', value='ELECTABLE'}]}, electionId=7fffffff0000000000000026, setVersion=3, lastWriteDate=Sat Jan 22 13:49:16 IST 2022, lastUpdateTimeNanos=270153077920000}
2022-01-22 13:49:16.585  INFO 1972 --- [ngodb.net:27017] org.mongodb.driver.cluster               : Monitor thread successfully connected to server with description ServerDescription{address=mflix-shard-00-01.m2ihm.mongodb.net:27017, type=REPLICA_SET_SECONDARY, state=CONNECTED, ok=true, version=ServerVersion{versionList=[4, 4, 11]}, minWireVersion=0, maxWireVersion=9, maxDocumentSize=16777216, logicalSessionTimeoutMinutes=30, roundTripTimeNanos=85876120, setName='atlas-4kkuy6-shard-0', canonicalAddress=mflix-shard-00-01.m2ihm.mongodb.net:27017, hosts=[mflix-shard-00-02.m2ihm.mongodb.net:27017, mflix-shard-00-00.m2ihm.mongodb.net:27017, mflix-shard-00-01.m2ihm.mongodb.net:27017], passives=[], arbiters=[], primary='mflix-shard-00-02.m2ihm.mongodb.net:27017', tagSet=TagSet{[Tag{name='nodeType', value='ELECTABLE'}, Tag{name='provider', value='GCP'}, Tag{name='region', value='ASIA_SOUTH_1'}, Tag{name='workloadType', value='OPERATIONAL'}]}, electionId=null, setVersion=3, lastWriteDate=Sat Jan 22 13:49:16 IST 2022, lastUpdateTimeNanos=270153079468900}
2022-01-22 13:49:16.600  INFO 1972 --- [ngodb.net:27017] org.mongodb.driver.cluster               : Monitor thread successfully connected to server with description ServerDescription{address=mflix-shard-00-00.m2ihm.mongodb.net:27017, type=REPLICA_SET_SECONDARY, state=CONNECTED, ok=true, version=ServerVersion{versionList=[4, 4, 11]}, minWireVersion=0, maxWireVersion=9, maxDocumentSize=16777216, logicalSessionTimeoutMinutes=30, roundTripTimeNanos=36925361, setName='atlas-4kkuy6-shard-0', canonicalAddress=mflix-shard-00-00.m2ihm.mongodb.net:27017, hosts=[mflix-shard-00-02.m2ihm.mongodb.net:27017, mflix-shard-00-00.m2ihm.mongodb.net:27017, mflix-shard-00-01.m2ihm.mongodb.net:27017], passives=[], arbiters=[], primary='mflix-shard-00-02.m2ihm.mongodb.net:27017', tagSet=TagSet{[Tag{name='workloadType', value='OPERATIONAL'}, Tag{name='provider', value='GCP'}, Tag{name='nodeType', value='ELECTABLE'}, Tag{name='region', value='ASIA_SOUTH_1'}]}, electionId=null, setVersion=3, lastWriteDate=Sat Jan 22 13:49:16 IST 2022, lastUpdateTimeNanos=270153094692200}
2022-01-22 13:49:16.653  INFO 1972 --- [           main] s.w.s.m.m.a.RequestMappingHandlerAdapter : Looking for @ControllerAdvice: org.springframework.web.context.support.GenericWebApplicationContext@3dfa819: startup date [Sat Jan 22 13:49:14 IST 2022]; root of context hierarchy
2022-01-22 13:49:16.692  INFO 1972 --- [           main] s.w.s.m.m.a.RequestMappingHandlerMapping : Mapped "{[/error]}" onto public org.springframework.http.ResponseEntity<java.util.Map<java.lang.String, java.lang.Object>> org.springframework.boot.autoconfigure.web.servlet.error.BasicErrorController.error(javax.servlet.http.HttpServletRequest)
2022-01-22 13:49:16.692  INFO 1972 --- [           main] s.w.s.m.m.a.RequestMappingHandlerMapping : Mapped "{[/error],produces=[text/html]}" onto public org.springframework.web.servlet.ModelAndView org.springframework.boot.autoconfigure.web.servlet.error.BasicErrorController.errorHtml(javax.servlet.http.HttpServletRequest,javax.servlet.http.HttpServletResponse)
2022-01-22 13:49:16.738  INFO 1972 --- [           main] o.s.w.s.handler.SimpleUrlHandlerMapping  : Mapped URL path [/webjars/**] onto handler of type [class org.springframework.web.servlet.resource.ResourceHttpRequestHandler]
2022-01-22 13:49:16.740  INFO 1972 --- [           main] o.s.w.s.handler.SimpleUrlHandlerMapping  : Mapped URL path [/**] onto handler of type [class org.springframework.web.servlet.resource.ResourceHttpRequestHandler]
2022-01-22 13:49:16.821  INFO 1972 --- [           main] o.s.b.a.w.s.WelcomePageHandlerMapping    : Adding welcome page: class path resource [build/index.html]
2022-01-22 13:49:17.053  INFO 1972 --- [           main] .s.s.UserDetailsServiceAutoConfiguration : 

Using generated security password: 90e129f0-33c3-4e35-803b-58c4bfc1d22c

2022-01-22 13:49:17.218  INFO 1972 --- [           main] o.s.s.web.DefaultSecurityFilterChain     : Creating filter chain: org.springframework.security.web.util.matcher.AnyRequestMatcher@1, [org.springframework.security.web.context.request.async.WebAsyncManagerIntegrationFilter@3cad68df, org.springframework.security.web.context.SecurityContextPersistenceFilter@2cd62003, org.springframework.security.web.header.HeaderWriterFilter@6d0b0da6, org.springframework.security.web.csrf.CsrfFilter@7e72a6cc, org.springframework.security.web.authentication.logout.LogoutFilter@4317850d, org.springframework.security.web.authentication.UsernamePasswordAuthenticationFilter@3337d04c, org.springframework.security.web.authentication.ui.DefaultLoginPageGeneratingFilter@5edc70ed, org.springframework.security.web.authentication.www.BasicAuthenticationFilter@6de6faa6, org.springframework.security.web.savedrequest.RequestCacheAwareFilter@61ab89b0, org.springframework.security.web.servletapi.SecurityContextHolderAwareRequestFilter@5478ce1e, org.springframework.security.web.authentication.AnonymousAuthenticationFilter@14998e21, org.springframework.security.web.session.SessionManagementFilter@4779aae6, org.springframework.security.web.access.ExceptionTranslationFilter@6015a4a5, org.springframework.security.web.access.intercept.FilterSecurityInterceptor@2ef0dd86]
2022-01-22 13:49:17.283  INFO 1972 --- [           main] mflix.api.daos.TimeoutsTest              : Started TimeoutsTest in 3.029 seconds (JVM running for 30.525)
2022-01-22 13:49:17.868  INFO 1972 --- [ngodb.net:27017] org.mongodb.driver.cluster               : Monitor thread successfully connected to server with description ServerDescription{address=mflix-shard-00-01.m2ihm.mongodb.net:27017, type=REPLICA_SET_SECONDARY, state=CONNECTED, ok=true, version=ServerVersion{versionList=[4, 4, 11]}, minWireVersion=0, maxWireVersion=9, maxDocumentSize=16777216, logicalSessionTimeoutMinutes=30, roundTripTimeNanos=41173051, setName='atlas-4kkuy6-shard-0', canonicalAddress=mflix-shard-00-01.m2ihm.mongodb.net:27017, hosts=[mflix-shard-00-02.m2ihm.mongodb.net:27017, mflix-shard-00-00.m2ihm.mongodb.net:27017, mflix-shard-00-01.m2ihm.mongodb.net:27017], passives=[], arbiters=[], primary='mflix-shard-00-02.m2ihm.mongodb.net:27017', tagSet=TagSet{[Tag{name='nodeType', value='ELECTABLE'}, Tag{name='provider', value='GCP'}, Tag{name='region', value='ASIA_SOUTH_1'}, Tag{name='workloadType', value='OPERATIONAL'}]}, electionId=null, setVersion=3, lastWriteDate=Sat Jan 22 13:49:17 IST 2022, lastUpdateTimeNanos=270154362542000}
2022-01-22 13:49:17.951  INFO 1972 --- [           main] org.mongodb.driver.cluster               : Cluster created with settings {hosts=[mflix-shard-00-01.m2ihm.mongodb.net:27017, mflix-shard-00-02.m2ihm.mongodb.net:27017, mflix-shard-00-00.m2ihm.mongodb.net:27017], mode=MULTIPLE, requiredClusterType=REPLICA_SET, serverSelectionTimeout='30000 ms', maxWaitQueueSize=500, requiredReplicaSetName='atlas-4kkuy6-shard-0'}
2022-01-22 13:49:17.951  INFO 1972 --- [           main] org.mongodb.driver.cluster               : Adding discovered server mflix-shard-00-01.m2ihm.mongodb.net:27017 to client view of cluster
2022-01-22 13:49:17.953  INFO 1972 --- [           main] org.mongodb.driver.cluster               : Adding discovered server mflix-shard-00-02.m2ihm.mongodb.net:27017 to client view of cluster
2022-01-22 13:49:17.969  INFO 1972 --- [           main] org.mongodb.driver.cluster               : Adding discovered server mflix-shard-00-00.m2ihm.mongodb.net:27017 to client view of cluster
2022-01-22 13:49:18.185  INFO 1972 --- [ngodb.net:27017] org.mongodb.driver.cluster               : Monitor thread successfully connected to server with description ServerDescription{address=mflix-shard-00-00.m2ihm.mongodb.net:27017, type=REPLICA_SET_SECONDARY, state=CONNECTED, ok=true, version=ServerVersion{versionList=[4, 4, 11]}, minWireVersion=0, maxWireVersion=9, maxDocumentSize=16777216, logicalSessionTimeoutMinutes=30, roundTripTimeNanos=49667099, setName='atlas-4kkuy6-shard-0', canonicalAddress=mflix-shard-00-00.m2ihm.mongodb.net:27017, hosts=[mflix-shard-00-02.m2ihm.mongodb.net:27017, mflix-shard-00-00.m2ihm.mongodb.net:27017, mflix-shard-00-01.m2ihm.mongodb.net:27017], passives=[], arbiters=[], primary='mflix-shard-00-02.m2ihm.mongodb.net:27017', tagSet=TagSet{[Tag{name='workloadType', value='OPERATIONAL'}, Tag{name='provider', value='GCP'}, Tag{name='nodeType', value='ELECTABLE'}, Tag{name='region', value='ASIA_SOUTH_1'}]}, electionId=null, setVersion=3, lastWriteDate=Sat Jan 22 13:49:17 IST 2022, lastUpdateTimeNanos=270154679505700}
2022-01-22 13:49:18.188  INFO 1972 --- [ngodb.net:27017] org.mongodb.driver.cluster               : Monitor thread successfully connected to server with description ServerDescription{address=mflix-shard-00-02.m2ihm.mongodb.net:27017, type=REPLICA_SET_PRIMARY, state=CONNECTED, ok=true, version=ServerVersion{versionList=[4, 4, 11]}, minWireVersion=0, maxWireVersion=9, maxDocumentSize=16777216, logicalSessionTimeoutMinutes=30, roundTripTimeNanos=61449283, setName='atlas-4kkuy6-shard-0', canonicalAddress=mflix-shard-00-02.m2ihm.mongodb.net:27017, hosts=[mflix-shard-00-02.m2ihm.mongodb.net:27017, mflix-shard-00-00.m2ihm.mongodb.net:27017, mflix-shard-00-01.m2ihm.mongodb.net:27017], passives=[], arbiters=[], primary='mflix-shard-00-02.m2ihm.mongodb.net:27017', tagSet=TagSet{[Tag{name='workloadType', value='OPERATIONAL'}, Tag{name='nodeType', value='ELECTABLE'}, Tag{name='region', value='ASIA_SOUTH_1'}, Tag{name='provider', value='GCP'}]}, electionId=7fffffff0000000000000026, setVersion=3, lastWriteDate=Sat Jan 22 13:49:17 IST 2022, lastUpdateTimeNanos=270154682897700}
2022-01-22 13:49:18.422  INFO 1972 --- [ngodb.net:27017] org.mongodb.driver.connection            : Opened connection [connectionId{localValue:24, serverValue:252787}] to mflix-shard-00-01.m2ihm.mongodb.net:27017
2022-01-22 13:49:18.449  INFO 1972 --- [ngodb.net:27017] org.mongodb.driver.cluster               : Monitor thread successfully connected to server with description ServerDescription{address=mflix-shard-00-01.m2ihm.mongodb.net:27017, type=REPLICA_SET_SECONDARY, state=CONNECTED, ok=true, version=ServerVersion{versionList=[4, 4, 11]}, minWireVersion=0, maxWireVersion=9, maxDocumentSize=16777216, logicalSessionTimeoutMinutes=30, roundTripTimeNanos=26898600, setName='atlas-4kkuy6-shard-0', canonicalAddress=mflix-shard-00-01.m2ihm.mongodb.net:27017, hosts=[mflix-shard-00-02.m2ihm.mongodb.net:27017, mflix-shard-00-00.m2ihm.mongodb.net:27017, mflix-shard-00-01.m2ihm.mongodb.net:27017], passives=[], arbiters=[], primary='mflix-shard-00-02.m2ihm.mongodb.net:27017', tagSet=TagSet{[Tag{name='nodeType', value='ELECTABLE'}, Tag{name='provider', value='GCP'}, Tag{name='region', value='ASIA_SOUTH_1'}, Tag{name='workloadType', value='OPERATIONAL'}]}, electionId=null, setVersion=3, lastWriteDate=Sat Jan 22 13:49:18 IST 2022, lastUpdateTimeNanos=270154943938500}
2022-01-22 13:49:18.503  INFO 1972 --- [ngodb.net:27017] org.mongodb.driver.connection            : Opened connection [connectionId{localValue:26, serverValue:252978}] to mflix-shard-00-00.m2ihm.mongodb.net:27017
2022-01-22 13:49:18.504  INFO 1972 --- [ngodb.net:27017] org.mongodb.driver.connection            : Opened connection [connectionId{localValue:25, serverValue:254035}] to mflix-shard-00-02.m2ihm.mongodb.net:27017
2022-01-22 13:49:18.535  INFO 1972 --- [ngodb.net:27017] org.mongodb.driver.cluster               : Monitor thread successfully connected to server with description ServerDescription{address=mflix-shard-00-00.m2ihm.mongodb.net:27017, type=REPLICA_SET_SECONDARY, state=CONNECTED, ok=true, version=ServerVersion{versionList=[4, 4, 11]}, minWireVersion=0, maxWireVersion=9, maxDocumentSize=16777216, logicalSessionTimeoutMinutes=30, roundTripTimeNanos=31225500, setName='atlas-4kkuy6-shard-0', canonicalAddress=mflix-shard-00-00.m2ihm.mongodb.net:27017, hosts=[mflix-shard-00-02.m2ihm.mongodb.net:27017, mflix-shard-00-00.m2ihm.mongodb.net:27017, mflix-shard-00-01.m2ihm.mongodb.net:27017], passives=[], arbiters=[], primary='mflix-shard-00-02.m2ihm.mongodb.net:27017', tagSet=TagSet{[Tag{name='workloadType', value='OPERATIONAL'}, Tag{name='provider', value='GCP'}, Tag{name='nodeType', value='ELECTABLE'}, Tag{name='region', value='ASIA_SOUTH_1'}]}, electionId=null, setVersion=3, lastWriteDate=Sat Jan 22 13:49:18 IST 2022, lastUpdateTimeNanos=270155030352199}
2022-01-22 13:49:18.539  INFO 1972 --- [ngodb.net:27017] org.mongodb.driver.cluster               : Monitor thread successfully connected to server with description ServerDescription{address=mflix-shard-00-02.m2ihm.mongodb.net:27017, type=REPLICA_SET_PRIMARY, state=CONNECTED, ok=true, version=ServerVersion{versionList=[4, 4, 11]}, minWireVersion=0, maxWireVersion=9, maxDocumentSize=16777216, logicalSessionTimeoutMinutes=30, roundTripTimeNanos=34531299, setName='atlas-4kkuy6-shard-0', canonicalAddress=mflix-shard-00-02.m2ihm.mongodb.net:27017, hosts=[mflix-shard-00-02.m2ihm.mongodb.net:27017, mflix-shard-00-00.m2ihm.mongodb.net:27017, mflix-shard-00-01.m2ihm.mongodb.net:27017], passives=[], arbiters=[], primary='mflix-shard-00-02.m2ihm.mongodb.net:27017', tagSet=TagSet{[Tag{name='workloadType', value='OPERATIONAL'}, Tag{name='region', value='ASIA_SOUTH_1'}, Tag{name='provider', value='GCP'}, Tag{name='nodeType', value='ELECTABLE'}]}, electionId=7fffffff0000000000000026, setVersion=3, lastWriteDate=Sat Jan 22 13:49:18 IST 2022, lastUpdateTimeNanos=270155033742600}
2022-01-22 13:49:18.539  INFO 1972 --- [ngodb.net:27017] org.mongodb.driver.cluster               : Setting max election id to 7fffffff0000000000000026 from replica set primary mflix-shard-00-02.m2ihm.mongodb.net:27017
2022-01-22 13:49:18.539  INFO 1972 --- [ngodb.net:27017] org.mongodb.driver.cluster               : Setting max set version to 3 from replica set primary mflix-shard-00-02.m2ihm.mongodb.net:27017
2022-01-22 13:49:18.539  INFO 1972 --- [ngodb.net:27017] org.mongodb.driver.cluster               : Discovered replica set primary mflix-shard-00-02.m2ihm.mongodb.net:27017
]]></system-out>
  </testcase>
  <testcase name="testConfiguredWtimeout" classname="mflix.api.daos.TimeoutsTest" time="0.695">
    <error type="java.lang.NullPointerException">java.lang.NullPointerException
	at mflix.api.daos.TimeoutsTest.testConfiguredWtimeout(TimeoutsTest.java:49)
</error>
    <system-out><![CDATA[2022-01-22 13:49:19.467  INFO 1972 --- [           main] org.mongodb.driver.cluster               : Cluster created with settings {hosts=[mflix-shard-00-00.m2ihm.mongodb.net:27017, mflix-shard-00-01.m2ihm.mongodb.net:27017, mflix-shard-00-02.m2ihm.mongodb.net:27017], mode=MULTIPLE, requiredClusterType=REPLICA_SET, serverSelectionTimeout='30000 ms', maxWaitQueueSize=500, requiredReplicaSetName='atlas-4kkuy6-shard-0'}
2022-01-22 13:49:19.468  INFO 1972 --- [           main] org.mongodb.driver.cluster               : Adding discovered server mflix-shard-00-00.m2ihm.mongodb.net:27017 to client view of cluster
2022-01-22 13:49:19.473  INFO 1972 --- [           main] org.mongodb.driver.cluster               : Adding discovered server mflix-shard-00-01.m2ihm.mongodb.net:27017 to client view of cluster
2022-01-22 13:49:19.478  INFO 1972 --- [           main] org.mongodb.driver.cluster               : Adding discovered server mflix-shard-00-02.m2ihm.mongodb.net:27017 to client view of cluster
]]></system-out>
  </testcase>
</testsuite>